<?xml version="1.0" encoding="UTF-8"?>
<!-- Generated by org.testng.reporters.JUnitReportReporter -->
<testsuite skipped="0" hostname="LAPTOP-5E9R8M5S" name="qaclickacademy.SeleniumTest" tests="2" failures="0" timestamp="2022-01-06T22:53:23 PST" time="0.007" errors="0">
  <testcase name="elementsui" time="0.000" classname="qaclickacademy.SeleniumTest"/>
  <system-out/>
  <testcase name="BrowserAutomation" time="0.007" classname="qaclickacademy.SeleniumTest"/>
  <system-out/>
</testsuite> <!-- qaclickacademy.SeleniumTest -->
