<?xml version="1.0" encoding="UTF-8"?>
<!-- Generated by org.testng.reporters.JUnitReportReporter -->
<testsuite hostname="LAPTOP-5E9R8M5S" failures="0" tests="2" name="qaclickacademy.AppiumTest" time="0.003" errors="0" timestamp="2022-01-01T21:00:29 PST" skipped="0">
  <testcase classname="qaclickacademy.AppiumTest" name="nativeandirod" time="0.002"/>
  <system-out/>
  <testcase classname="qaclickacademy.AppiumTest" name="IOSApps" time="0.001"/>
  <system-out/>
</testsuite> <!-- qaclickacademy.AppiumTest -->
