<?xml version="1.0" encoding="UTF-8"?>
<!-- Generated by org.testng.reporters.JUnitReportReporter -->
<testsuite hostname="LAPTOP-5E9R8M5S" failures="0" tests="2" name="qaclickacademy.Appium" time="0.007" errors="0" timestamp="2021-12-28T23:02:58 PST" skipped="0">
  <testcase classname="qaclickacademy.Appium" name="nativeandirod" time="0.001"/>
  <system-out/>
  <testcase classname="qaclickacademy.Appium" name="IOSApps" time="0.006"/>
  <system-out/>
</testsuite> <!-- qaclickacademy.Appium -->
