<?xml version="1.0" encoding="UTF-8"?>
<!-- Generated by org.testng.reporters.JUnitReportReporter -->
<testsuite hostname="LAPTOP-5E9R8M5S" failures="0" tests="1" name="qaclickacademy.AppTest" time="0.002" errors="0" timestamp="2021-12-30T22:51:10 PST" skipped="0">
  <testcase classname="qaclickacademy.AppTest" name="shouldAnswerWithTrue" time="0.002"/>
  <system-out/>
</testsuite> <!-- qaclickacademy.AppTest -->
