<?xml version="1.0" encoding="UTF-8"?>
<!-- Generated by org.testng.reporters.JUnitReportReporter -->
<testsuite hostname="LAPTOP-5E9R8M5S" failures="0" tests="1" name="qaclickacademy.RestAPITest" time="0.000" errors="0" timestamp="2021-12-30T23:31:50 PST" skipped="0">
  <testcase classname="qaclickacademy.RestAPITest" name="postJira" time="0.000"/>
  <system-out/>
</testsuite> <!-- qaclickacademy.RestAPITest -->
